01/19/2021 06:02:40 PM - posteriorQC - INFO - Reading files from /Users/roujia/Desktop/210115_CHEK2_QC_2021-01-19-13-35-39_mut_count
01/19/2021 06:02:40 PM - posteriorQC - INFO - Reading parameters from /Users/roujia/Desktop/210115_CHEK2_QC_2021-01-19-13-35-39_mut_count/210115_CHEK2_QC.json
01/19/2021 06:02:40 PM - posteriorQC - INFO - Saving output plots to /Users/roujia/Desktop/210115_CHEK2_QC_2021-01-19-13-35-39_mut_count/posterior_qc
01/19/2021 06:02:40 PM - posteriorQC - INFO - Total sampels = 12
01/19/2021 06:02:40 PM - posteriorQC - INFO - Calculating frequencies..
01/19/2021 06:02:40 PM - posteriorQC - INFO - Finished calc frequencies..
01/19/2021 06:02:40 PM - posteriorQC - INFO - Finished mapping values..
01/19/2021 06:02:41 PM - posteriorQC - INFO - Reading both read mutations..
01/19/2021 06:02:41 PM - posteriorQC - INFO - started sorting...
01/19/2021 06:02:41 PM - posteriorQC - INFO - finished sorting...
01/19/2021 06:02:41 PM - posteriorQC - INFO - value counts...
01/19/2021 06:02:41 PM - posteriorQC - INFO - Finished value counts...
01/19/2021 06:02:41 PM - posteriorQC - INFO - Join R1 and R2 2/3nt...
01/19/2021 06:02:41 PM - posteriorQC - INFO - Joined R1 and R2 2/3nt...
01/19/2021 06:02:41 PM - posteriorQC - INFO - plotted plot 3...
01/19/2021 06:02:41 PM - posteriorQC - INFO - plotted plot 4...
01/19/2021 06:02:57 PM - posteriorQC - INFO - Calculating frequencies..
01/19/2021 06:02:57 PM - posteriorQC - INFO - Finished calc frequencies..
01/19/2021 06:02:57 PM - posteriorQC - INFO - Finished mapping values..
01/19/2021 06:02:58 PM - posteriorQC - INFO - Reading both read mutations..
01/19/2021 06:02:58 PM - posteriorQC - INFO - started sorting...
01/19/2021 06:02:58 PM - posteriorQC - INFO - finished sorting...
01/19/2021 06:02:58 PM - posteriorQC - INFO - value counts...
01/19/2021 06:02:58 PM - posteriorQC - INFO - Finished value counts...
01/19/2021 06:02:58 PM - posteriorQC - INFO - Join R1 and R2 2/3nt...
01/19/2021 06:02:58 PM - posteriorQC - INFO - Joined R1 and R2 2/3nt...
01/19/2021 06:02:58 PM - posteriorQC - INFO - plotted plot 3...
01/19/2021 06:02:58 PM - posteriorQC - INFO - plotted plot 4...
01/19/2021 06:03:16 PM - posteriorQC - INFO - Calculating frequencies..
01/19/2021 06:03:16 PM - posteriorQC - INFO - Finished calc frequencies..
01/19/2021 06:03:16 PM - posteriorQC - INFO - Finished mapping values..
01/19/2021 06:03:17 PM - posteriorQC - INFO - Reading both read mutations..
01/19/2021 06:03:17 PM - posteriorQC - INFO - started sorting...
01/19/2021 06:03:17 PM - posteriorQC - INFO - finished sorting...
01/19/2021 06:03:17 PM - posteriorQC - INFO - value counts...
01/19/2021 06:03:17 PM - posteriorQC - INFO - Finished value counts...
01/19/2021 06:03:17 PM - posteriorQC - INFO - Join R1 and R2 2/3nt...
01/19/2021 06:03:17 PM - posteriorQC - INFO - Joined R1 and R2 2/3nt...
01/19/2021 06:03:17 PM - posteriorQC - INFO - plotted plot 3...
01/19/2021 06:03:17 PM - posteriorQC - INFO - plotted plot 4...
01/19/2021 06:03:35 PM - posteriorQC - INFO - Calculating frequencies..
01/19/2021 06:03:35 PM - posteriorQC - INFO - Finished calc frequencies..
01/19/2021 06:03:35 PM - posteriorQC - INFO - Finished mapping values..
01/19/2021 06:03:35 PM - posteriorQC - INFO - Reading both read mutations..
01/19/2021 06:03:35 PM - posteriorQC - INFO - started sorting...
01/19/2021 06:03:35 PM - posteriorQC - INFO - finished sorting...
01/19/2021 06:03:35 PM - posteriorQC - INFO - value counts...
01/19/2021 06:03:35 PM - posteriorQC - INFO - Finished value counts...
01/19/2021 06:03:35 PM - posteriorQC - INFO - Join R1 and R2 2/3nt...
01/19/2021 06:03:35 PM - posteriorQC - INFO - Joined R1 and R2 2/3nt...
01/19/2021 06:03:35 PM - posteriorQC - INFO - plotted plot 3...
01/19/2021 06:03:35 PM - posteriorQC - INFO - plotted plot 4...
01/19/2021 06:03:52 PM - posteriorQC - INFO - Calculating frequencies..
01/19/2021 06:03:52 PM - posteriorQC - INFO - Finished calc frequencies..
01/19/2021 06:03:52 PM - posteriorQC - INFO - Finished mapping values..
01/19/2021 06:03:52 PM - posteriorQC - INFO - Reading both read mutations..
01/19/2021 06:03:52 PM - posteriorQC - INFO - started sorting...
01/19/2021 06:03:52 PM - posteriorQC - INFO - finished sorting...
01/19/2021 06:03:52 PM - posteriorQC - INFO - value counts...
01/19/2021 06:03:52 PM - posteriorQC - INFO - Finished value counts...
01/19/2021 06:03:52 PM - posteriorQC - INFO - Join R1 and R2 2/3nt...
01/19/2021 06:03:52 PM - posteriorQC - INFO - Joined R1 and R2 2/3nt...
01/19/2021 06:03:52 PM - posteriorQC - INFO - plotted plot 3...
01/19/2021 06:03:52 PM - posteriorQC - INFO - plotted plot 4...
01/19/2021 06:04:09 PM - posteriorQC - INFO - Calculating frequencies..
01/19/2021 06:04:09 PM - posteriorQC - INFO - Finished calc frequencies..
01/19/2021 06:04:09 PM - posteriorQC - INFO - Finished mapping values..
01/19/2021 06:04:09 PM - posteriorQC - INFO - Reading both read mutations..
01/19/2021 06:04:09 PM - posteriorQC - INFO - started sorting...
01/19/2021 06:04:09 PM - posteriorQC - INFO - finished sorting...
01/19/2021 06:04:09 PM - posteriorQC - INFO - value counts...
01/19/2021 06:04:09 PM - posteriorQC - INFO - Finished value counts...
01/19/2021 06:04:09 PM - posteriorQC - INFO - Join R1 and R2 2/3nt...
01/19/2021 06:04:09 PM - posteriorQC - INFO - Joined R1 and R2 2/3nt...
01/19/2021 06:04:09 PM - posteriorQC - INFO - plotted plot 3...
01/19/2021 06:04:09 PM - posteriorQC - INFO - plotted plot 4...
01/19/2021 06:04:27 PM - posteriorQC - INFO - Calculating frequencies..
01/19/2021 06:04:27 PM - posteriorQC - INFO - Finished calc frequencies..
01/19/2021 06:04:27 PM - posteriorQC - INFO - Finished mapping values..
01/19/2021 06:04:27 PM - posteriorQC - INFO - Reading both read mutations..
01/19/2021 06:04:27 PM - posteriorQC - INFO - started sorting...
01/19/2021 06:04:27 PM - posteriorQC - INFO - finished sorting...
01/19/2021 06:04:27 PM - posteriorQC - INFO - value counts...
01/19/2021 06:04:27 PM - posteriorQC - INFO - Finished value counts...
01/19/2021 06:04:27 PM - posteriorQC - INFO - Join R1 and R2 2/3nt...
01/19/2021 06:04:27 PM - posteriorQC - INFO - Joined R1 and R2 2/3nt...
01/19/2021 06:04:27 PM - posteriorQC - INFO - plotted plot 3...
01/19/2021 06:04:27 PM - posteriorQC - INFO - plotted plot 4...
01/19/2021 06:04:45 PM - posteriorQC - INFO - Calculating frequencies..
01/19/2021 06:04:45 PM - posteriorQC - INFO - Finished calc frequencies..
01/19/2021 06:04:45 PM - posteriorQC - INFO - Finished mapping values..
01/19/2021 06:04:45 PM - posteriorQC - INFO - Reading both read mutations..
01/19/2021 06:04:45 PM - posteriorQC - INFO - started sorting...
01/19/2021 06:04:45 PM - posteriorQC - INFO - finished sorting...
01/19/2021 06:04:46 PM - posteriorQC - INFO - value counts...
01/19/2021 06:04:46 PM - posteriorQC - INFO - Finished value counts...
01/19/2021 06:04:46 PM - posteriorQC - INFO - Join R1 and R2 2/3nt...
01/19/2021 06:04:46 PM - posteriorQC - INFO - Joined R1 and R2 2/3nt...
01/19/2021 06:04:46 PM - posteriorQC - INFO - plotted plot 3...
01/19/2021 06:04:46 PM - posteriorQC - INFO - plotted plot 4...
01/19/2021 06:05:04 PM - posteriorQC - INFO - Calculating frequencies..
01/19/2021 06:05:04 PM - posteriorQC - INFO - Finished calc frequencies..
01/19/2021 06:05:04 PM - posteriorQC - INFO - Finished mapping values..
01/19/2021 06:05:04 PM - posteriorQC - INFO - Reading both read mutations..
01/19/2021 06:05:04 PM - posteriorQC - INFO - started sorting...
01/19/2021 06:05:04 PM - posteriorQC - INFO - finished sorting...
01/19/2021 06:05:04 PM - posteriorQC - INFO - value counts...
01/19/2021 06:05:04 PM - posteriorQC - INFO - Finished value counts...
01/19/2021 06:05:04 PM - posteriorQC - INFO - Join R1 and R2 2/3nt...
01/19/2021 06:05:04 PM - posteriorQC - INFO - Joined R1 and R2 2/3nt...
01/19/2021 06:05:05 PM - posteriorQC - INFO - plotted plot 3...
01/19/2021 06:05:05 PM - posteriorQC - INFO - plotted plot 4...
01/19/2021 06:05:28 PM - posteriorQC - INFO - Calculating frequencies..
01/19/2021 06:05:28 PM - posteriorQC - INFO - Finished calc frequencies..
01/19/2021 06:05:28 PM - posteriorQC - INFO - Finished mapping values..
01/19/2021 06:05:29 PM - posteriorQC - INFO - Reading both read mutations..
01/19/2021 06:05:29 PM - posteriorQC - INFO - started sorting...
01/19/2021 06:05:29 PM - posteriorQC - INFO - finished sorting...
01/19/2021 06:05:29 PM - posteriorQC - INFO - value counts...
01/19/2021 06:05:29 PM - posteriorQC - INFO - Finished value counts...
01/19/2021 06:05:29 PM - posteriorQC - INFO - Join R1 and R2 2/3nt...
01/19/2021 06:05:29 PM - posteriorQC - INFO - Joined R1 and R2 2/3nt...
01/19/2021 06:05:29 PM - posteriorQC - INFO - plotted plot 3...
01/19/2021 06:05:29 PM - posteriorQC - INFO - plotted plot 4...
01/19/2021 06:05:49 PM - posteriorQC - INFO - Calculating frequencies..
01/19/2021 06:05:49 PM - posteriorQC - INFO - Finished calc frequencies..
01/19/2021 06:05:50 PM - posteriorQC - INFO - Finished mapping values..
01/19/2021 06:05:50 PM - posteriorQC - INFO - Reading both read mutations..
01/19/2021 06:05:50 PM - posteriorQC - INFO - started sorting...
01/19/2021 06:05:50 PM - posteriorQC - INFO - finished sorting...
01/19/2021 06:05:50 PM - posteriorQC - INFO - value counts...
01/19/2021 06:05:50 PM - posteriorQC - INFO - Finished value counts...
01/19/2021 06:05:50 PM - posteriorQC - INFO - Join R1 and R2 2/3nt...
01/19/2021 06:05:50 PM - posteriorQC - INFO - Joined R1 and R2 2/3nt...
01/19/2021 06:05:50 PM - posteriorQC - INFO - plotted plot 3...
01/19/2021 06:05:50 PM - posteriorQC - INFO - plotted plot 4...
01/19/2021 06:06:10 PM - posteriorQC - INFO - Calculating frequencies..
01/19/2021 06:06:10 PM - posteriorQC - INFO - Finished calc frequencies..
01/19/2021 06:06:10 PM - posteriorQC - INFO - Finished mapping values..
01/19/2021 06:06:11 PM - posteriorQC - INFO - Reading both read mutations..
01/19/2021 06:06:11 PM - posteriorQC - INFO - started sorting...
01/19/2021 06:06:11 PM - posteriorQC - INFO - finished sorting...
01/19/2021 06:06:11 PM - posteriorQC - INFO - value counts...
01/19/2021 06:06:11 PM - posteriorQC - INFO - Finished value counts...
01/19/2021 06:06:11 PM - posteriorQC - INFO - Join R1 and R2 2/3nt...
01/19/2021 06:06:11 PM - posteriorQC - INFO - Joined R1 and R2 2/3nt...
01/19/2021 06:06:11 PM - posteriorQC - INFO - plotted plot 3...
01/19/2021 06:06:11 PM - posteriorQC - INFO - plotted plot 4...
01/19/2021 06:06:31 PM - posteriorQC - INFO - Posterior QC completed.
